TN:
SF:src/utils/cropImage.ts
FN:6,(anonymous_0)
FN:16,(anonymous_1)
FN:23,(anonymous_2)
FN:25,(anonymous_3)
FN:29,(anonymous_4)
FN:37,getCroppedImg
FN:74,(anonymous_6)
FN:85,doesImageCoverCrop
FNF:8
FNH:8
FNDA:7,(anonymous_0)
FNDA:7,(anonymous_1)
FNDA:5,(anonymous_2)
FNDA:4,(anonymous_3)
FNDA:1,(anonymous_4)
FNDA:7,getCroppedImg
FNDA:3,(anonymous_6)
FNDA:11,doesImageCoverCrop
DA:3,1
DA:6,1
DA:7,7
DA:8,7
DA:9,7
DA:10,0
DA:13,7
DA:16,1
DA:17,7
DA:18,7
DA:19,6
DA:20,5
DA:21,5
DA:23,5
DA:24,5
DA:25,5
DA:26,4
DA:27,4
DA:29,5
DA:30,1
DA:31,1
DA:33,5
DA:44,7
DA:47,4
DA:48,4
DA:49,4
DA:50,4
DA:51,4
DA:53,3
DA:66,3
DA:67,3
DA:68,3
DA:69,3
DA:70,3
DA:72,3
DA:74,3
DA:75,3
DA:77,3
DA:78,2
DA:90,11
LF:40
LH:39
BRDA:9,0,0,0
BRDA:9,0,1,7
BRDA:19,1,0,1
BRDA:19,1,1,5
BRDA:40,2,0,7
BRDA:41,3,0,7
BRDA:42,4,0,7
BRDA:51,5,0,1
BRDA:51,5,1,3
BRDA:70,6,0,0
BRDA:70,6,1,3
BRDA:77,7,0,1
BRDA:77,7,1,2
BRDA:91,8,0,11
BRDA:91,8,1,9
BRDA:91,8,2,8
BRDA:91,8,3,6
BRF:17
BRH:15
end_of_record
